2023-09-14 15:27:07 Using browser-only version of superagent in non-browser environment
2023-09-14 15:27:07 Configuration directory URI: 'file:///home/casper/.arduinoIDE'
2023-09-14 15:27:07 Configuring to accept webviews on '^.+\.webview\..+$' hostname.
2023-09-14 15:27:07 2023-09-14T13:27:07.557Z root INFO Backend Object.initialize: 4.9 ms [Finished 0.505 s after backend start]
2023-09-14 15:27:07 2023-09-14T13:27:07.558Z root INFO Backend Object.configure: 4.2 ms [Finished 0.506 s after backend start]
2023-09-14 15:27:07 2023-09-14T13:27:07.559Z root INFO Backend a.onStart: 1.7 ms [Finished 0.506 s after backend start]
2023-09-14 15:27:07 2023-09-14T13:27:07.559Z root INFO Backend a.configure: 0.4 ms [Finished 0.534 s after backend start]
2023-09-14 15:27:07 2023-09-14T13:27:07.560Z root INFO Backend u.onStart: 0.3 ms [Finished 0.534 s after backend start]
2023-09-14 15:27:07 2023-09-14T13:27:07.561Z root INFO Backend d.configure: 0.1 ms [Finished 0.534 s after backend start]
2023-09-14 15:27:07 2023-09-14T13:27:07.561Z root INFO Backend d.initialize: 28.9 ms [Finished 0.535 s after backend start]
2023-09-14 15:27:07 2023-09-14T13:27:07.562Z root INFO Backend c.onStart: 0.3 ms [Finished 0.535 s after backend start]
2023-09-14 15:27:07 2023-09-14T13:27:07.562Z root INFO Backend s.configure: 1.5 ms [Finished 0.536 s after backend start]
2023-09-14 15:27:07 2023-09-14T13:27:07.564Z config INFO >>> Initializing CLI configuration...
2023-09-14 15:27:07 2023-09-14T13:27:07.564Z root INFO Backend c.initialize: 0.5 ms [Finished 0.537 s after backend start]
2023-09-14 15:27:07 2023-09-14T13:27:07.564Z root INFO Backend P.onStart: 0.8 ms [Finished 0.537 s after backend start]
2023-09-14 15:27:07 2023-09-14T13:27:07.565Z config INFO Loading CLI configuration from /home/casper/.arduinoIDE/arduino-cli.yaml...
2023-09-14 15:27:07 2023-09-14T13:27:07.565Z daemon INFO Starting daemon from /home/casper/Apps/Arduino-ide/resources/app/lib/backend/resources/arduino-cli...
2023-09-14 15:27:07 2023-09-14T13:27:07.565Z root INFO Backend s.initialize: 0.4 ms [Finished 0.538 s after backend start]
2023-09-14 15:27:07 2023-09-14T13:27:07.565Z root INFO Backend w.onStart: 0.9 ms [Finished 0.539 s after backend start]
2023-09-14 15:27:07 2023-09-14T13:27:07.565Z root INFO Backend r.configure: 1.7 ms [Finished 0.539 s after backend start]
2023-09-14 15:27:07 2023-09-14T13:27:07.565Z discovery-log INFO start
2023-09-14 15:27:07 2023-09-14T13:27:07.566Z discovery-log INFO start new deferred
2023-09-14 15:27:07 2023-09-14T13:27:07.566Z root INFO Backend d.initialize: 0.4 ms [Finished 0.540 s after backend start]
2023-09-14 15:27:07 2023-09-14T13:27:07.566Z root INFO Backend y.onStart: 1.9 ms [Finished 0.541 s after backend start]
2023-09-14 15:27:07 2023-09-14T13:27:07.566Z root INFO Backend r.configure: 1.7 ms [Finished 0.541 s after backend start]
2023-09-14 15:27:07 2023-09-14T13:27:07.566Z root INFO Backend s.onStart: 0.6 ms [Finished 0.543 s after backend start]
2023-09-14 15:27:07 2023-09-14T13:27:07.566Z root INFO Backend h.configure: 0.6 ms [Finished 0.543 s after backend start]
2023-09-14 15:27:07 2023-09-14T13:27:07.566Z root INFO Backend a.configure: 0.2 ms [Finished 0.543 s after backend start]
2023-09-14 15:27:07 2023-09-14T13:27:07.566Z root INFO Backend s.configure: 0.1 ms [Finished 0.543 s after backend start]
2023-09-14 15:27:07 2023-09-14T13:27:07.566Z root INFO Backend l.configure: 0.1 ms [Finished 0.544 s after backend start]
2023-09-14 15:27:07 2023-09-14T13:27:07.569Z root INFO Theia app listening on http://localhost:36745.
2023-09-14 15:27:07 2023-09-14T13:27:07.569Z root INFO Finished starting backend application: 3.1 ms [Finished 0.546 s after backend start]
2023-09-14 15:27:07 2023-09-14T13:27:07.570Z root WARN The local plugin referenced by local-dir:/home/casper/.arduinoIDE/plugins does not exist.
2023-09-14 15:27:07 2023-09-14T13:27:07.570Z root WARN The local plugin referenced by local-dir:/home/casper/.arduinoIDE/extensions does not exist.
2023-09-14 15:27:07 2023-09-14T13:27:07.596Z config INFO Loaded CLI configuration: {"board_manager":{"additional_urls":[]},"build_cache":{"compilations_before_purge":10,"ttl":"720h0m0s"},"daemon":{"port":"50051"},"directories":{"data":"/home/casper/.arduino15","downloads":"/home/casper/.arduino15/staging","user":"/home/casper/Arduino"},"library":{"enable_unsafe_install":false},"logging":{"file":"","format":"text","level":"info"},"metrics":{"addr":":9090","enabled":true},"output":{"no_color":false},"sketch":{"always_export_binaries":false},"updater":{"enable_notification":true}}
2023-09-14 15:27:07 2023-09-14T13:27:07.596Z config INFO 'directories.data' and 'directories.user' are set in the CLI configuration model.
2023-09-14 15:27:07 2023-09-14T13:27:07.596Z config INFO Loaded the CLI configuration.
2023-09-14 15:27:07 2023-09-14T13:27:07.597Z config INFO Mapped the CLI configuration: {"dataDirUri":"file:///home/casper/.arduino15","sketchDirUri":"file:///home/casper/Arduino","additionalUrls":[],"network":"none","locale":"en"}
2023-09-14 15:27:07 2023-09-14T13:27:07.598Z config INFO Validating the CLI configuration...
2023-09-14 15:27:07 2023-09-14T13:27:07.599Z config INFO The CLI config is valid.
2023-09-14 15:27:07 2023-09-14T13:27:07.600Z config INFO <<< Initialized the CLI configuration.
2023-09-14 15:27:07 2023-09-14T13:27:07.606Z root INFO Resolve plugins list: 41.4 ms [Finished 0.583 s after backend start]
2023-09-14 15:27:07 2023-09-14T13:27:07.618Z daemon INFO time="2023-09-14T15:27:07+02:00" level=info msg="Using config file: /home/casper/.arduinoIDE/arduino-cli.yaml"
time="2023-09-14T15:27:07+02:00" level=info msg="arduino-cli version 0.34.0"
time="2023-09-14T15:27:07+02:00" level=info msg="Executing `arduino-cli daemon`"
Daemon is now listening on 127.0.0.1:40857
{"IP":"127.0.0.1","Port":"40857"}
2023-09-14 15:27:07 2023-09-14T13:27:07.618Z daemon INFO Daemon is running.
2023-09-14 15:27:07 2023-09-14T13:27:07.725Z daemon INFO time="2023-09-14T15:27:07+02:00" level=info msg="Checking signature" index=/home/casper/.arduino15/package_index.json signatureFile=/home/casper/.arduino15/package_index.json.sig trusted=true
time="2023-09-14T15:27:07+02:00" level=info msg="Loading hardware from: /home/casper/.arduino15/packages"
time="2023-09-14T15:27:07+02:00" level=info msg="Loading package arduino from: /home/casper/.arduino15/packages/arduino/hardware"
time="2023-09-14T15:27:07+02:00" level=info msg="Missing signature file" index=/home/casper/.arduino15/packages/arduino/hardware/avr/1.8.6/installed.json
time="2023-09-14T15:27:07+02:00" level=info msg="Adding monitor tool" protocol=serial tool="builtin:serial-monitor"
time="2023-09-14T15:27:07+02:00" level=info msg="Loaded platform" platform="arduino:avr@1.8.6"
time="2023-09-14T15:27:07+02:00" level=info msg="Checking existence of 'tools' path: /home/casper/.arduino15/packages/arduino/tools"
time="2023-09-14T15:27:07+02:00" level=info msg="Loading tools from dir: /home/casper/.arduino15/packages/arduino/tools"
time="2023-09-14T15:27:07+02:00" level=info msg="Loaded tool" tool="arduino:arduinoOTA@1.3.0"
time="2023-09-14T15:27:07+02:00" level=info msg="Loaded tool" tool="arduino:avr-gcc@7.3.0-atmel3.6.1-arduino7"
time="2023-09-14T15:27:07+02:00" level=info msg="Loaded tool" tool="arduino:avrdude@6.3.0-arduino17"
time="2023-09-14T15:27:07+02:00" level=info msg="Loading package builtin from: /home/casper/.arduino15/packages/builtin"
time="2023-09-14T15:27:07+02:00" level=info msg="Checking existence of 'tools' path: /home/casper/.arduino15/packages/builtin/tools"
time="2023-09-14T15:27:07+02:00" level=info msg="Loading tools from dir: /home/casper/.arduino15/packages/builtin/tools"
time="2023-09-14T15:27:07+02:00" level=info msg="Loaded tool" tool="builtin:ctags@5.8-arduino11"
time="2023-09-14T15:27:07+02:00" level=info msg="Loaded tool" tool="builtin:dfu-discovery@0.1.2"
time="2023-09-14T15:27:07+02:00" level=info msg="Loaded tool" tool="builtin:mdns-discovery@1.0.9"
time="2023-09-14T15:27:07+02:00" level=info msg="Loaded tool" tool="builtin:serial-discovery@1.4.0"
time="2023-09-14T15:27:07+02:00" level=info msg="Loaded tool" tool="builtin:serial-monitor@0.13.0"
time="2023-09-14T15:27:07+02:00" level=info msg="Adding libraries dir" dir=/home/casper/.arduino15/packages/arduino/hardware/avr/1.8.6/libraries location=platform
time="2023-09-14T15:27:07+02:00" level=info msg="Loading libraries index file" index=/home/casper/.arduino15/library_index.json
2023-09-14 15:27:07 2023-09-14T13:27:07.952Z daemon INFO time="2023-09-14T15:27:07+02:00" level=info msg="Adding libraries dir" dir=/home/casper/.arduino15/libraries location=ide
time="2023-09-14T15:27:07+02:00" level=info msg="Adding libraries dir" dir=/home/casper/Arduino/libraries location=user
2023-09-14 15:27:07 2023-09-14T13:27:07.955Z discovery-log INFO start request start watch
2023-09-14 15:27:07 2023-09-14T13:27:07.956Z discovery-log INFO start requested start watch
2023-09-14 15:27:07 2023-09-14T13:27:07.956Z discovery-log INFO start resolved watching
2023-09-14 15:27:08 2023-09-14T13:27:08.005Z daemon INFO time="2023-09-14T15:27:07+02:00" level=info msg="starting discovery builtin:mdns-discovery process"
time="2023-09-14T15:27:07+02:00" level=info msg="starting discovery builtin:serial-discovery process"
time="2023-09-14T15:27:07+02:00" level=info msg="started discovery builtin:mdns-discovery process"
time="2023-09-14T15:27:07+02:00" level=info msg="sending command HELLO 1 \"arduino-cli 0.34.0\" to discovery builtin:mdns-discovery"
time="2023-09-14T15:27:07+02:00" level=info msg="started discovery builtin:serial-discovery process"
time="2023-09-14T15:27:07+02:00" level=info msg="sending command HELLO 1 \"arduino-cli 0.34.0\" to discovery builtin:serial-discovery"
time="2023-09-14T15:27:07+02:00" level=info msg="from discovery builtin:serial-discovery received message type: hello, message: OK, protocol version: 1"
time="2023-09-14T15:27:07+02:00" level=info msg="sending command START_SYNC to discovery builtin:serial-discovery"
time="2023-09-14T15:27:07+02:00" level=info msg="from discovery builtin:mdns-discovery received message type: hello, message: OK, protocol version: 1"
time="2023-09-14T15:27:07+02:00" level=info msg="sending command START_SYNC to discovery builtin:mdns-discovery"
time="2023-09-14T15:27:07+02:00" level=info msg="from discovery builtin:serial-discovery received message type: start_sync, message: OK"
time="2023-09-14T15:27:07+02:00" level=info msg="from discovery builtin:mdns-discovery received message type: start_sync, message: OK"
2023-09-14 15:27:08 2023-09-14T13:27:08.543Z root INFO Deploy plugins list: 41.4 ms [Finished 1.520 s after backend start]
2023-09-14 15:27:09 2023-09-14T13:27:09.242Z root WARN Frontend a.configure took longer than the expected maximum 100 milliseconds: 278.7 ms [Finished 1.589 s after frontend start]
2023-09-14 15:27:09 2023-09-14T13:27:09.247Z root WARN A command editor.action.toggleStickyScroll is already registered.
2023-09-14 15:27:09 2023-09-14T13:27:09.256Z sketches-service WARN Warning! The request sketch path was different than the response sketch path from the CLI. This could be a potential bug. Request: </home/casper/programmering/arduino/sketchy/sketchy.ino>, response: </home/casper/programmering/arduino/sketchy>.
2023-09-14 15:27:09 2023-09-14T13:27:09.434Z root INFO Start frontend contributions: 536.1 ms [Finished 1.760 s after frontend start]
2023-09-14 15:27:09 2023-09-14T13:27:09.436Z root INFO Changed application state from 'init' to 'started_contributions'.
2023-09-14 15:27:09 2023-09-14T13:27:09.455Z root INFO Changed application state from 'started_contributions' to 'attached_shell'.
2023-09-14 15:27:09 2023-09-14T13:27:09.455Z root INFO >>> Restoring the layout state...
2023-09-14 15:27:09 2023-09-14T13:27:09.456Z root INFO ------- SERIALIZED LAYOUT DATA -------
2023-09-14 15:27:09 2023-09-14T13:27:09.456Z root INFO {"version":5,"mainPanel":{"main":{"type":"tab-area","widgets":[{"constructionOptions":{"factoryId":"code-editor-opener","options":{"counter":0,"kind":"navigatable","uri":"file:///home/casper/programmering/arduino/sketchy/sketchy.ino"}},"innerWidgetState":"{\"cursorState\":[{\"inSelectionMode\":false,\"selectionStart\":{\"lineNumber\":15,\"column\":24},\"position\":{\"lineNumber\":15,\"column\":24}}],\"viewState\":{\"scrollLeft\":0,\"firstPosition\":{\"lineNumber\":10,\"column\":1},\"firstPositionDeltaTop\":-18},\"contributionsState\":{\"editor.contrib.findController\":{\"widgetViewZoneVisible\":false,\"scrollTop\":189},\"editor.contrib.folding\":{\"lineCount\":85,\"provider\":\"indent\",\"foldedImports\":false},\"editor.contrib.wordHighlighter\":false}}"}],"currentIndex":0}},"mainPanelPinned":[false],"bottomPanel":{"config":{"main":{"type":"tab-area","widgets":[{"constructionOptions":{"factoryId":"outputView"},"innerWidgetState":"{\"locked\":false}"},{"constructionOptions":{"factoryId":"serial-monitor"}}],"currentIndex":1}},"pinned":[false,false],"size":425,"expanded":true},"leftPanel":{"type":"sidepanel","items":[{"widget":{"constructionOptions":{"factoryId":"arduino-sketchbook-widget"}},"rank":1,"expanded":false,"pinned":false},{"widget":{"constructionOptions":{"factoryId":"boards-list-widget"}},"rank":2,"expanded":false,"pinned":false},{"widget":{"constructionOptions":{"factoryId":"library-list-widget"}},"rank":3,"expanded":false,"pinned":false},{"widget":{"constructionOptions":{"factoryId":"debug"},"innerWidgetState":"{\"parts\":[{\"partId\":\"debug:threads:-1\",\"collapsed\":false,\"hidden\":false,\"originalContainerId\":\"debug:view-container:-1\",\"originalContainerTitle\":{\"label\":\"debug\",\"iconClass\":\"codicon codicon-debug-alt\",\"closeable\":true},\"widget\":{\"constructionOptions\":{\"factoryId\":\"debug:threads\"},\"innerWidgetState\":\"{}\"}},{\"partId\":\"debug:frames:-1\",\"collapsed\":false,\"hidden\":false,\"originalContainerId\":\"debug:view-container:-1\",\"originalContainerTitle\":{\"label\":\"debug\",\"iconClass\":\"codicon codicon-debug-alt\",\"closeable\":true},\"widget\":{\"constructionOptions\":{\"factoryId\":\"debug:frames\"},\"innerWidgetState\":\"{}\"}},{\"partId\":\"debug:variables:-1\",\"collapsed\":false,\"hidden\":false,\"originalContainerId\":\"debug:view-container:-1\",\"originalContainerTitle\":{\"label\":\"debug\",\"iconClass\":\"codicon codicon-debug-alt\",\"closeable\":true},\"widget\":{\"constructionOptions\":{\"factoryId\":\"debug:variables\"},\"innerWidgetState\":\"{}\"}},{\"partId\":\"debug:watch:-1\",\"collapsed\":false,\"hidden\":false,\"originalContainerId\":\"debug:view-container:-1\",\"originalContainerTitle\":{\"label\":\"debug\",\"iconClass\":\"codicon codicon-debug-alt\",\"closeable\":true},\"widget\":{\"constructionOptions\":{\"factoryId\":\"debug:watch\"},\"innerWidgetState\":\"{}\"}},{\"partId\":\"debug:breakpoints:-1\",\"collapsed\":false,\"hidden\":false,\"originalContainerId\":\"debug:view-container:-1\",\"originalContainerTitle\":{\"label\":\"debug\",\"iconClass\":\"codicon codicon-debug-alt\",\"closeable\":true},\"widget\":{\"constructionOptions\":{\"factoryId\":\"debug:breakpoints\"},\"innerWidgetState\":\"{}\"}},{\"partId\":\"plugin-view:cortex-debug.peripherals\",\"collapsed\":true,\"hidden\":true,\"originalContainerId\":\"debug:view-container:-1\",\"originalContainerTitle\":{\"label\":\"debug\",\"iconClass\":\"codicon codicon-debug-alt\",\"closeable\":true},\"widget\":{\"constructionOptions\":{\"factoryId\":\"plugin-view\",\"options\":{\"id\":\"plugin-view:cortex-debug.peripherals\",\"viewId\":\"cortex-debug.peripherals\"}},\"innerWidgetState\":\"{\\\"label\\\":\\\"Cortex Peripherals\\\",\\\"widgets\\\":[],\\\"suppressUpdateViewVisibility\\\":false,\\\"currentViewContainerId\\\":\\\"debug\\\"}\"}},{\"partId\":\"plugin-view:cortex-debug.registers\",\"collapsed\":true,\"hidden\":true,\"originalContainerId\":\"debug:view-container:-1\",\"originalContainerTitle\":{\"label\":\"debug\",\"iconClass\":\"codicon codicon-debug-alt\",\"closeable\":true},\"widget\":{\"constructionOptions\":{\"factoryId\":\"plugin-view\",\"options\":{\"id\":\"plugin-view:cortex-debug.registers\",\"viewId\":\"cortex-debug.registers\"}},\"innerWidgetState\":\"{\\\"label\\\":\\\"Cortex Registers\\\",\\\"widgets\\\":[],\\\"suppressUpdateViewVisibility\\\":false,\\\"currentViewContainerId\\\":\\\"debug\\\"}\"}}],\"title\":{\"label\":\"debug\",\"iconClass\":\"codicon codicon-debug-alt\",\"closeable\":true}}"},"rank":4,"expanded":false,"pinned":false},{"widget":{"constructionOptions":{"factoryId":"search-view-container"},"innerWidgetState":"{\"parts\":[{\"partId\":\"search-in-workspace\",\"collapsed\":false,\"hidden\":false,\"originalContainerId\":\"search-view-container\",\"originalContainerTitle\":{\"label\":\"Search\",\"iconClass\":\"codicon codicon-search\",\"closeable\":true},\"widget\":{\"constructionOptions\":{\"factoryId\":\"search-in-workspace\"},\"innerWidgetState\":\"{\\\"matchCaseState\\\":{\\\"className\\\":\\\"codicon codicon-case-sensitive\\\",\\\"enabled\\\":false,\\\"title\\\":\\\"Match Case\\\"},\\\"wholeWordState\\\":{\\\"className\\\":\\\"codicon codicon-whole-word\\\",\\\"enabled\\\":false,\\\"title\\\":\\\"Match Whole Word\\\"},\\\"regExpState\\\":{\\\"className\\\":\\\"codicon codicon-regex\\\",\\\"enabled\\\":false,\\\"title\\\":\\\"Use Regular Expression\\\"},\\\"includeIgnoredState\\\":{\\\"className\\\":\\\"codicon codicon-eye\\\",\\\"enabled\\\":false,\\\"title\\\":\\\"Include Ignored Files\\\"},\\\"showSearchDetails\\\":false,\\\"searchInWorkspaceOptions\\\":{\\\"matchCase\\\":false,\\\"matchWholeWord\\\":false,\\\"useRegExp\\\":false,\\\"includeIgnored\\\":false,\\\"include\\\":[],\\\"exclude\\\":[],\\\"maxResults\\\":2000},\\\"searchTerm\\\":\\\"\\\",\\\"replaceTerm\\\":\\\"\\\",\\\"showReplaceField\\\":false,\\\"searchHistoryState\\\":{\\\"history\\\":[],\\\"index\\\":0},\\\"replaceHistoryState\\\":{\\\"history\\\":[],\\\"index\\\":0},\\\"includeHistoryState\\\":{\\\"history\\\":[],\\\"index\\\":0},\\\"excludeHistoryState\\\":{\\\"history\\\":[],\\\"index\\\":0}}\"}}],\"title\":{\"label\":\"Search\",\"iconClass\":\"fa fa-arduino-search\",\"closeable\":true}}"},"rank":5,"expanded":false,"pinned":false}]},"rightPanel":{"type":"sidepanel","items":[]},"activeWidgetId":"serial-monitor"}
2023-09-14 15:27:09 2023-09-14T13:27:09.456Z root INFO ------- END SERIALIZED LAYOUT DATA -------
2023-09-14 15:27:09 2023-09-14T13:27:09.499Z root INFO [f07f0b84-e2cd-4a08-997f-40cceb2871db] Waiting for backend deployment: 113.7 ms [Finished 1.866 s after frontend start]
2023-09-14 15:27:09 2023-09-14T13:27:09.985Z root INFO [hosted-plugin: 5192] PLUGIN_HOST(5192) starting instance
2023-09-14 15:27:10 2023-09-14T13:27:10.525Z root INFO [f07f0b84-e2cd-4a08-997f-40cceb2871db] Sync of 23 plugins: 1027.0 ms [Finished 2.893 s after frontend start]
2023-09-14 15:27:10 2023-09-14T13:27:10.846Z root INFO <<< The layout has been successfully restored.
2023-09-14 15:27:10 2023-09-14T13:27:10.943Z root INFO Initialize the workbench layout: 1403.3 ms [Finished 3.215 s after frontend start]
2023-09-14 15:27:10 2023-09-14T13:27:10.945Z root INFO Changed application state from 'attached_shell' to 'initialized_layout'.
2023-09-14 15:27:10 2023-09-14T13:27:10.946Z root INFO [f07f0b84-e2cd-4a08-997f-40cceb2871db] Loading plugin contributions
2023-09-14 15:27:10 2023-09-14T13:27:10.946Z root INFO [f07f0b84-e2cd-4a08-997f-40cceb2871db] Load contributions of 23 plugins: 93.0 ms [Finished 3.310 s after frontend start]
2023-09-14 15:27:10 2023-09-14T13:27:10.960Z root WARN 'cpp' language is remapped from 'source.cpp.embedded.macro' to 'source.cpp' scope
2023-09-14 15:27:10 2023-09-14T13:27:10.960Z root WARN a registered grammar configuration for 'cpp' language is overridden
2023-09-14 15:27:11 2023-09-14T13:27:11.436Z root ERROR [hosted-plugin: 5192] Conflict in settings file Default: Ignoring cortex-debug.armToolchainPath.linux as cortex-debug.armToolchainPath is null
Conflict in settings file Default: Ignoring cortex-debug.armToolchainPath.osx as cortex-debug.armToolchainPath is null
Conflict in settings file Default: Ignoring cortex-debug.armToolchainPath.windows as cortex-debug.armToolchainPath is null
2023-09-14 15:27:11 2023-09-14T13:27:11.436Z root ERROR [hosted-plugin: 5192] Conflict in settings file Default: Ignoring cortex-debug.JLinkGDBServerPath.linux as cortex-debug.JLinkGDBServerPath is null
Conflict in settings file Default: Ignoring cortex-debug.JLinkGDBServerPath.osx as cortex-debug.JLinkGDBServerPath is null
Conflict in settings file Default: Ignoring cortex-debug.JLinkGDBServerPath.windows as cortex-debug.JLinkGDBServerPath is null
Conflict in settings file Default: Ignoring cortex-debug.openocdPath.linux as cortex-debug.openocdPath is null
Conflict in settings file Default: Ignoring cortex-debug.openocdPath.osx as cortex-debug.openocdPath is null
Conflict in settings file Default: Ignoring cortex-debug.openocdPath.windows as cortex-debug.openocdPath is null
Conflict in settings file Default: Ignoring cortex-debug.pyocdPath.linux as cortex-debug.pyocdPath is null
Conflict in settings file Default: Ignoring cortex-debug.pyocdPath.osx as cortex-debug.pyocdPath is null
Conflict in settings file Default: Ignoring cortex-debug.pyocdPath.windows as cortex-debug.pyocdPath is null
Conflict in settings file Default: Ignoring cortex-debug.PEGDBServerPath.linux as cortex-debug.PEGDBServerPath is null
Conflict in settings file Default: Ignoring cortex-debug.PEGDBServerPath.osx as cortex-debug.PEGDBServerPath is null
Conflict in settings file Default: Ignoring cortex-debug.PEGDBServerPath.windows as cortex-debug.PEGDBServerPath is null
Conflict in settings file Default: Ignoring cortex-debug.stutilPath.linux as cortex-debug.stutilPath is null
Conflict in settings file Default: Ignoring cortex-debug.stutilPath.osx as cortex-debug.stutilPath is null
Conflict in settings file Default: Ignoring cortex-debug.stutilPath.windows as cortex-debug.stutilPath is null
Conflict in settings file Default: Ignoring cortex-debug.stlinkPath.linux as cortex-debug.stlinkPath is null
Conflict in settings file Default: Ignoring cortex-debug.stlinkPath.osx as cortex-debug.stlinkPath is null
Conflict in settings file Default: Ignoring cortex-debug.stlinkPath.windows as cortex-debug.stlinkPath is null
Conflict in settings file Default: Ignoring cortex-debug.stm32cubeprogrammer.linux as cortex-debug.stm32cubeprogrammer is null
Conflict in settings file Default: Ignoring cortex-debug.stm32cubeprogrammer.osx as cortex-debug.stm32cubeprogrammer is null
Conflict in settings file Default: Ignoring cortex-debug.stm32cubeprogrammer.windows as cortex-debug.stm32cubeprogrammer is null
2023-09-14 15:27:11 2023-09-14T13:27:11.478Z root INFO [hosted-plugin: 5192] PLUGIN_HOST(5192): PluginManagerExtImpl/init()
2023-09-14 15:27:11 2023-09-14T13:27:11.480Z root INFO [hosted-plugin: 5192] PLUGIN_HOST(5192): initializing(vscode-arduino-api@0.1.2 with /home/casper/Apps/Arduino-ide/resources/app/lib/backend/plugin-vscode-init)
2023-09-14 15:27:11 2023-09-14T13:27:11.542Z root INFO [hosted-plugin: 5192] PLUGIN_HOST(5192): initializing(cortex-debug@1.5.1 with /home/casper/Apps/Arduino-ide/resources/app/lib/backend/plugin-vscode-init)
2023-09-14 15:27:11 2023-09-14T13:27:11.543Z root INFO [hosted-plugin: 5192] Debugger contribution has been registered: cortex-debug
2023-09-14 15:27:11 2023-09-14T13:27:11.543Z root INFO [hosted-plugin: 5192] PLUGIN_HOST(5192): initializing(vscode-arduino-tools@0.0.2-beta.8 with /home/casper/Apps/Arduino-ide/resources/app/lib/backend/plugin-vscode-init)
2023-09-14 15:27:11 2023-09-14T13:27:11.544Z root INFO [hosted-plugin: 5192] PLUGIN_HOST(5192): initializing(cpp@1.52.1 with /home/casper/Apps/Arduino-ide/resources/app/lib/backend/plugin-vscode-init)
2023-09-14 15:27:11 2023-09-14T13:27:11.544Z root INFO [hosted-plugin: 5192] PLUGIN_HOST(5192): initializing(json@1.46.1 with /home/casper/Apps/Arduino-ide/resources/app/lib/backend/plugin-vscode-init)
2023-09-14 15:27:11 2023-09-14T13:27:11.545Z root INFO [hosted-plugin: 5192] PLUGIN_HOST(5192): initializing(json-language-features@1.46.1 with /home/casper/Apps/Arduino-ide/resources/app/lib/backend/plugin-vscode-init)
2023-09-14 15:27:11 2023-09-14T13:27:11.545Z root INFO [hosted-plugin: 5192] PLUGIN_HOST(5192): initializing(vscode-language-pack-bg@1.48.3 with /home/casper/Apps/Arduino-ide/resources/app/lib/backend/plugin-vscode-init)
2023-09-14 15:27:11 2023-09-14T13:27:11.546Z root INFO [hosted-plugin: 5192] PLUGIN_HOST(5192): initializing(vscode-language-pack-cs@1.78.0 with /home/casper/Apps/Arduino-ide/resources/app/lib/backend/plugin-vscode-init)
2023-09-14 15:27:11 2023-09-14T13:27:11.547Z root INFO [hosted-plugin: 5192] PLUGIN_HOST(5192): initializing(vscode-language-pack-de@1.78.0 with /home/casper/Apps/Arduino-ide/resources/app/lib/backend/plugin-vscode-init)
2023-09-14 15:27:11 2023-09-14T13:27:11.547Z root INFO [hosted-plugin: 5192] PLUGIN_HOST(5192): initializing(vscode-language-pack-es@1.78.0 with /home/casper/Apps/Arduino-ide/resources/app/lib/backend/plugin-vscode-init)
2023-09-14 15:27:11 2023-09-14T13:27:11.548Z root INFO [hosted-plugin: 5192] PLUGIN_HOST(5192): initializing(vscode-language-pack-fr@1.78.0 with /home/casper/Apps/Arduino-ide/resources/app/lib/backend/plugin-vscode-init)
2023-09-14 15:27:11 2023-09-14T13:27:11.549Z root INFO [hosted-plugin: 5192] PLUGIN_HOST(5192): initializing(vscode-language-pack-hu@1.48.3 with /home/casper/Apps/Arduino-ide/resources/app/lib/backend/plugin-vscode-init)
2023-09-14 15:27:11 2023-09-14T13:27:11.549Z root INFO [hosted-plugin: 5192] PLUGIN_HOST(5192): initializing(vscode-language-pack-it@1.78.0 with /home/casper/Apps/Arduino-ide/resources/app/lib/backend/plugin-vscode-init)
2023-09-14 15:27:11 2023-09-14T13:27:11.549Z root INFO [hosted-plugin: 5192] PLUGIN_HOST(5192): initializing(vscode-language-pack-ja@1.78.0 with /home/casper/Apps/Arduino-ide/resources/app/lib/backend/plugin-vscode-init)
2023-09-14 15:27:11 2023-09-14T13:27:11.549Z root INFO [hosted-plugin: 5192] PLUGIN_HOST(5192): initializing(vscode-language-pack-ko@1.78.0 with /home/casper/Apps/Arduino-ide/resources/app/lib/backend/plugin-vscode-init)
2023-09-14 15:27:11 2023-09-14T13:27:11.550Z root INFO [hosted-plugin: 5192] PLUGIN_HOST(5192): initializing(vscode-language-pack-nl@1.48.3 with /home/casper/Apps/Arduino-ide/resources/app/lib/backend/plugin-vscode-init)
PLUGIN_HOST(5192): initializing(vscode-language-pack-pl@1.78.0 with /home/casper/Apps/Arduino-ide/resources/app/lib/backend/plugin-vscode-init)
2023-09-14 15:27:11 2023-09-14T13:27:11.550Z root INFO [hosted-plugin: 5192] PLUGIN_HOST(5192): initializing(vscode-language-pack-pt-BR@1.78.0 with /home/casper/Apps/Arduino-ide/resources/app/lib/backend/plugin-vscode-init)
2023-09-14 15:27:11 2023-09-14T13:27:11.550Z root INFO [hosted-plugin: 5192] PLUGIN_HOST(5192): initializing(vscode-language-pack-ru@1.78.0 with /home/casper/Apps/Arduino-ide/resources/app/lib/backend/plugin-vscode-init)
2023-09-14 15:27:11 2023-09-14T13:27:11.551Z root INFO [hosted-plugin: 5192] PLUGIN_HOST(5192): initializing(vscode-language-pack-tr@1.78.0 with /home/casper/Apps/Arduino-ide/resources/app/lib/backend/plugin-vscode-init)
2023-09-14 15:27:11 2023-09-14T13:27:11.552Z root INFO [hosted-plugin: 5192] PLUGIN_HOST(5192): initializing(vscode-language-pack-uk@1.48.3 with /home/casper/Apps/Arduino-ide/resources/app/lib/backend/plugin-vscode-init)
2023-09-14 15:27:11 2023-09-14T13:27:11.552Z root INFO [hosted-plugin: 5192] PLUGIN_HOST(5192): initializing(vscode-language-pack-zh-hans@1.78.0 with /home/casper/Apps/Arduino-ide/resources/app/lib/backend/plugin-vscode-init)
2023-09-14 15:27:11 2023-09-14T13:27:11.552Z root INFO [hosted-plugin: 5192] PLUGIN_HOST(5192): initializing(vscode-language-pack-zh-hant@1.78.0 with /home/casper/Apps/Arduino-ide/resources/app/lib/backend/plugin-vscode-init)
2023-09-14 15:27:11 2023-09-14T13:27:11.562Z root INFO [hosted-plugin: 5192] PLUGIN_HOST(5192): PluginManagerExtImpl/loadPlugin(/home/casper/Apps/Arduino-ide/resources/app/plugins/vscode-arduino-api/extension/dist/extension.js)
2023-09-14 15:27:11 2023-09-14T13:27:11.567Z root INFO [hosted-plugin: 5192] PLUGIN_HOST(5192): PluginManagerExtImpl/loadPlugin(/home/casper/Apps/Arduino-ide/resources/app/plugins/vscode-builtin-json-language-features/extension/client/dist/jsonMain)
2023-09-14 15:27:11 2023-09-14T13:27:11.601Z root INFO [hosted-plugin: 5192] PLUGIN_HOST(5192): PluginManagerExtImpl/loadPlugin(/home/casper/Apps/Arduino-ide/resources/app/plugins/vscode-arduino-tools/extension/dist/bundle)
2023-09-14 15:27:11 2023-09-14T13:27:11.637Z root INFO [f07f0b84-e2cd-4a08-997f-40cceb2871db] Starting plugins.
2023-09-14 15:27:11 2023-09-14T13:27:11.646Z root INFO [hosted-plugin: 5192] PLUGIN_HOST(5192): PluginManagerExtImpl/loadPlugin(/home/casper/Apps/Arduino-ide/resources/app/plugins/cortex-debug/extension/dist/extension.js)
2023-09-14 15:27:11 2023-09-14T13:27:11.679Z root INFO [hosted-plugin: 5192] Debug configuration provider has been registered: cortex-debug, trigger: 1
2023-09-14 15:27:11 2023-09-14T13:27:11.682Z root INFO [hosted-plugin: 5192] GDB server console created
2023-09-14 15:27:11 2023-09-14T13:27:11.687Z root INFO [f07f0b84-e2cd-4a08-997f-40cceb2871db] Start of 23 plugins: 738.3 ms [Finished 4.055 s after frontend start]
2023-09-14 15:27:12 2023-09-14T13:27:12.265Z root INFO Replace loading indicator with ready workbench UI (animation): 860.8 ms [Finished 4.174 s after frontend start]
2023-09-14 15:27:12 2023-09-14T13:27:12.265Z root INFO Changed application state from 'initialized_layout' to 'ready'.
2023-09-14 15:27:12 2023-09-14T13:27:12.265Z root WARN Linked preference "workbench.colorCustomizations" not found. Source: "editor.bracketPairColorization.enabled"
2023-09-14 15:27:12 2023-09-14T13:27:12.267Z root INFO Frontend application start: 3021.3 ms [Finished 5.217 s after backend start]
2023-09-14 15:27:12 2023-09-14T13:27:12.361Z daemon INFO time="2023-09-14T15:27:12+02:00" level=info msg="Updating libraries index"
time="2023-09-14T15:27:12+02:00" level=info msg="Updating index" url="https://downloads.arduino.cc/packages/package_index.tar.bz2"
time="2023-09-14T15:27:12+02:00" level=info msg="Starting download" url="https://downloads.arduino.cc/packages/package_index.tar.bz2"
time="2023-09-14T15:27:12+02:00" level=info msg="Starting download" url="https://downloads.arduino.cc/libraries/library_index.tar.bz2"
2023-09-14 15:27:12 2023-09-14T13:27:12.363Z root INFO core-client-provider [platform-index] Downloading index: package_index.tar.bz2

2023-09-14 15:27:12 2023-09-14T13:27:12.363Z root INFO core-client-provider [library-index] Downloading index: library_index.tar.bz2

2023-09-14 15:27:12 2023-09-14T13:27:12.662Z root ERROR ---- !!!SLOW!!! DURATION: search took 392.507 ms. Args: [{"type":"Updatable"}] ----
2023-09-14 15:27:12 2023-09-14T13:27:12.668Z daemon INFO time="2023-09-14T15:27:12+02:00" level=info msg="Required tool" tool="arduino:arduinoOTA@1.3.0"
2023-09-14 15:27:12 2023-09-14T13:27:12.668Z daemon INFO time="2023-09-14T15:27:12+02:00" level=info msg="Required tool" tool="arduino:avr-gcc@7.3.0-atmel3.6.1-arduino7"
time="2023-09-14T15:27:12+02:00" level=info msg="Required tool" tool="arduino:avrdude@6.3.0-arduino17"
2023-09-14 15:27:12 2023-09-14T13:27:12.679Z daemon INFO time="2023-09-14T15:27:12+02:00" level=info msg="Required tool" tool="arduino:arduinoOTA@1.3.0"
time="2023-09-14T15:27:12+02:00" level=info msg="Required tool" tool="arduino:avr-gcc@7.3.0-atmel3.6.1-arduino7"
time="2023-09-14T15:27:12+02:00" level=info msg="Required tool" tool="arduino:avrdude@6.3.0-arduino17"
2023-09-14 15:27:12 2023-09-14T13:27:12.686Z root INFO Starting language server: arduino:avr:mega:cpu=atmega2560
2023-09-14 15:27:12 2023-09-14T13:27:12.730Z daemon INFO time="2023-09-14T15:27:12+02:00" level=info msg="Required tool" tool="arduino:arduinoOTA@1.3.0"
time="2023-09-14T15:27:12+02:00" level=info msg="Required tool" tool="arduino:avr-gcc@7.3.0-atmel3.6.1-arduino7"
time="2023-09-14T15:27:12+02:00" level=info msg="Required tool" tool="arduino:avrdude@6.3.0-arduino17"
2023-09-14 15:27:12 2023-09-14T13:27:12.730Z daemon INFO time="2023-09-14T15:27:12+02:00" level=info msg="Required tool" tool="arduino:arduinoOTA@1.3.0"
time="2023-09-14T15:27:12+02:00" level=info msg="Required tool" tool="arduino:avr-gcc@7.3.0-atmel3.6.1-arduino7"
time="2023-09-14T15:27:12+02:00" level=info msg="Required tool" tool="arduino:avrdude@6.3.0-arduino17"
2023-09-14 15:27:12 2023-09-14T13:27:12.731Z daemon INFO time="2023-09-14T15:27:12+02:00" level=info msg="Required tool" tool="arduino:arduinoOTA@1.3.0"
time="2023-09-14T15:27:12+02:00" level=info msg="Required tool" tool="arduino:avr-gcc@7.3.0-atmel3.6.1-arduino7"
time="2023-09-14T15:27:12+02:00" level=info msg="Required tool" tool="arduino:avrdude@6.3.0-arduino17"
2023-09-14 15:27:12 2023-09-14T13:27:12.731Z daemon INFO time="2023-09-14T15:27:12+02:00" level=info msg="Adding libraries dir" dir=/home/casper/.arduino15/libraries location=ide
time="2023-09-14T15:27:12+02:00" level=info msg="Adding libraries dir" dir=/home/casper/.arduino15/packages/arduino/hardware/avr/1.8.6/libraries location=platform
time="2023-09-14T15:27:12+02:00" level=info msg="Adding libraries dir" dir=/home/casper/Arduino/libraries location=user
2023-09-14 15:27:12 2023-09-14T13:27:12.770Z daemon INFO time="2023-09-14T15:27:12+02:00" level=info msg="Resolving include Wire.h for arch avr"
time="2023-09-14T15:27:12+02:00" level=info msg="  found better lib" lib=Wire prio=6B0
2023-09-14 15:27:13 2023-09-14T13:27:13.051Z daemon INFO time="2023-09-14T15:27:13+02:00" level=info msg="Required tool" tool="arduino:arduinoOTA@1.3.0"
time="2023-09-14T15:27:13+02:00" level=info msg="Required tool" tool="arduino:avr-gcc@7.3.0-atmel3.6.1-arduino7"
time="2023-09-14T15:27:13+02:00" level=info msg="Required tool" tool="arduino:avrdude@6.3.0-arduino17"
2023-09-14 15:27:13 2023-09-14T13:27:13.051Z daemon INFO time="2023-09-14T15:27:13+02:00" level=info msg="Required tool" tool="arduino:arduinoOTA@1.3.0"
time="2023-09-14T15:27:13+02:00" level=info msg="Required tool" tool="arduino:avr-gcc@7.3.0-atmel3.6.1-arduino7"
time="2023-09-14T15:27:13+02:00" level=info msg="Required tool" tool="arduino:avrdude@6.3.0-arduino17"
2023-09-14 15:27:13 2023-09-14T13:27:13.051Z daemon INFO time="2023-09-14T15:27:13+02:00" level=info msg="Required tool" tool="arduino:arduinoOTA@1.3.0"
time="2023-09-14T15:27:13+02:00" level=info msg="Required tool" tool="arduino:avr-gcc@7.3.0-atmel3.6.1-arduino7"
time="2023-09-14T15:27:13+02:00" level=info msg="Required tool" tool="arduino:avrdude@6.3.0-arduino17"
2023-09-14 15:27:13 2023-09-14T13:27:13.632Z daemon INFO time="2023-09-14T15:27:13+02:00" level=info msg="Checking signature" index=/home/casper/.arduino15/package_index.json signatureFile=/home/casper/.arduino15/package_index.json.sig trusted=true
2023-09-14 15:27:13 2023-09-14T13:27:13.632Z daemon INFO time="2023-09-14T15:27:13+02:00" level=info msg="Loading hardware from: /home/casper/.arduino15/packages"
time="2023-09-14T15:27:13+02:00" level=info msg="Loading package arduino from: /home/casper/.arduino15/packages/arduino/hardware"
2023-09-14 15:27:13 2023-09-14T13:27:13.633Z daemon INFO time="2023-09-14T15:27:13+02:00" level=info msg="Missing signature file" index=/home/casper/.arduino15/packages/arduino/hardware/avr/1.8.6/installed.json
2023-09-14 15:27:13 2023-09-14T13:27:13.637Z daemon INFO time="2023-09-14T15:27:13+02:00" level=info msg="Adding monitor tool" protocol=serial tool="builtin:serial-monitor"
2023-09-14 15:27:13 2023-09-14T13:27:13.637Z daemon INFO time="2023-09-14T15:27:13+02:00" level=info msg="Loaded platform" platform="arduino:avr@1.8.6"
2023-09-14 15:27:13 2023-09-14T13:27:13.637Z daemon INFO time="2023-09-14T15:27:13+02:00" level=info msg="Checking existence of 'tools' path: /home/casper/.arduino15/packages/arduino/tools"
2023-09-14 15:27:13 2023-09-14T13:27:13.637Z daemon INFO time="2023-09-14T15:27:13+02:00" level=info msg="Loading tools from dir: /home/casper/.arduino15/packages/arduino/tools"
2023-09-14 15:27:13 2023-09-14T13:27:13.638Z daemon INFO time="2023-09-14T15:27:13+02:00" level=info msg="Loaded tool" tool="arduino:arduinoOTA@1.3.0"
2023-09-14 15:27:13 2023-09-14T13:27:13.638Z daemon INFO time="2023-09-14T15:27:13+02:00" level=info msg="Loaded tool" tool="arduino:avr-gcc@7.3.0-atmel3.6.1-arduino7"
2023-09-14 15:27:13 2023-09-14T13:27:13.638Z daemon INFO time="2023-09-14T15:27:13+02:00" level=info msg="Loaded tool" tool="arduino:avrdude@6.3.0-arduino17"
2023-09-14 15:27:13 2023-09-14T13:27:13.638Z daemon INFO time="2023-09-14T15:27:13+02:00" level=info msg="Loading package builtin from: /home/casper/.arduino15/packages/builtin"
2023-09-14 15:27:13 2023-09-14T13:27:13.638Z daemon INFO time="2023-09-14T15:27:13+02:00" level=info msg="Checking existence of 'tools' path: /home/casper/.arduino15/packages/builtin/tools"
2023-09-14 15:27:13 2023-09-14T13:27:13.638Z daemon INFO time="2023-09-14T15:27:13+02:00" level=info msg="Loading tools from dir: /home/casper/.arduino15/packages/builtin/tools"
2023-09-14 15:27:13 2023-09-14T13:27:13.639Z daemon INFO time="2023-09-14T15:27:13+02:00" level=info msg="Loaded tool" tool="builtin:ctags@5.8-arduino11"
2023-09-14 15:27:13 2023-09-14T13:27:13.639Z daemon INFO time="2023-09-14T15:27:13+02:00" level=info msg="Loaded tool" tool="builtin:dfu-discovery@0.1.2"
2023-09-14 15:27:13 2023-09-14T13:27:13.639Z daemon INFO time="2023-09-14T15:27:13+02:00" level=info msg="Loaded tool" tool="builtin:mdns-discovery@1.0.9"
2023-09-14 15:27:13 2023-09-14T13:27:13.639Z daemon INFO time="2023-09-14T15:27:13+02:00" level=info msg="Loaded tool" tool="builtin:serial-discovery@1.4.0"
2023-09-14 15:27:13 2023-09-14T13:27:13.639Z daemon INFO time="2023-09-14T15:27:13+02:00" level=info msg="Loaded tool" tool="builtin:serial-monitor@0.13.0"
2023-09-14 15:27:13 2023-09-14T13:27:13.640Z daemon INFO time="2023-09-14T15:27:13+02:00" level=info msg="sending command QUIT to discovery builtin:serial-discovery"
2023-09-14 15:27:13 2023-09-14T13:27:13.640Z daemon INFO time="2023-09-14T15:27:13+02:00" level=info msg="from discovery builtin:serial-discovery received message type: quit, message: OK"
2023-09-14 15:27:13 2023-09-14T13:27:13.640Z daemon INFO time="2023-09-14T15:27:13+02:00" level=info msg="killing discovery builtin:serial-discovery process"
2023-09-14 15:27:13 2023-09-14T13:27:13.641Z daemon INFO time="2023-09-14T15:27:13+02:00" level=info msg="killed discovery builtin:serial-discovery process"
2023-09-14 15:27:13 2023-09-14T13:27:13.641Z daemon INFO time="2023-09-14T15:27:13+02:00" level=info msg="Closed and removed discovery builtin:serial-discovery"
2023-09-14 15:27:13 2023-09-14T13:27:13.641Z daemon INFO time="2023-09-14T15:27:13+02:00" level=info msg="sending command QUIT to discovery builtin:mdns-discovery"
2023-09-14 15:27:13 2023-09-14T13:27:13.641Z daemon INFO time="2023-09-14T15:27:13+02:00" level=error msg="stopped discovery builtin:serial-discovery decode loop: read |0: file already closed"
2023-09-14 15:27:13 2023-09-14T13:27:13.641Z daemon INFO time="2023-09-14T15:27:13+02:00" level=info msg="from discovery builtin:mdns-discovery received message type: quit, message: OK"
2023-09-14 15:27:13 2023-09-14T13:27:13.642Z daemon INFO time="2023-09-14T15:27:13+02:00" level=info msg="killing discovery builtin:mdns-discovery process"
2023-09-14 15:27:13 2023-09-14T13:27:13.642Z daemon INFO time="2023-09-14T15:27:13+02:00" level=info msg="killed discovery builtin:mdns-discovery process"
2023-09-14 15:27:13 2023-09-14T13:27:13.642Z daemon INFO time="2023-09-14T15:27:13+02:00" level=info msg="Closed and removed discovery builtin:mdns-discovery"
2023-09-14 15:27:13 2023-09-14T13:27:13.642Z daemon INFO time="2023-09-14T15:27:13+02:00" level=info msg="Discovery event channel closed builtin:serial-discovery. Exiting goroutine."
2023-09-14 15:27:13 2023-09-14T13:27:13.642Z daemon INFO time="2023-09-14T15:27:13+02:00" level=info msg="Discovery event channel closed builtin:mdns-discovery. Exiting goroutine."
time="2023-09-14T15:27:13+02:00" level=info msg="starting discovery builtin:serial-discovery process"
2023-09-14 15:27:13 2023-09-14T13:27:13.643Z daemon INFO time="2023-09-14T15:27:13+02:00" level=info msg="started discovery builtin:serial-discovery process"
time="2023-09-14T15:27:13+02:00" level=info msg="sending command HELLO 1 \"arduino-cli 0.34.0\" to discovery builtin:serial-discovery"
2023-09-14 15:27:13 2023-09-14T13:27:13.644Z daemon INFO time="2023-09-14T15:27:13+02:00" level=info msg="from discovery builtin:serial-discovery received message type: hello, message: OK, protocol version: 1"
2023-09-14 15:27:13 2023-09-14T13:27:13.644Z daemon INFO time="2023-09-14T15:27:13+02:00" level=info msg="sending command START_SYNC to discovery builtin:serial-discovery"
2023-09-14 15:27:13 2023-09-14T13:27:13.645Z daemon INFO time="2023-09-14T15:27:13+02:00" level=info msg="from discovery builtin:serial-discovery received message type: start_sync, message: OK"
2023-09-14 15:27:13 2023-09-14T13:27:13.645Z daemon INFO time="2023-09-14T15:27:13+02:00" level=info msg="starting discovery builtin:mdns-discovery process"
2023-09-14 15:27:13 2023-09-14T13:27:13.645Z daemon INFO time="2023-09-14T15:27:13+02:00" level=info msg="started discovery builtin:mdns-discovery process"
time="2023-09-14T15:27:13+02:00" level=info msg="sending command HELLO 1 \"arduino-cli 0.34.0\" to discovery builtin:mdns-discovery"
2023-09-14 15:27:13 2023-09-14T13:27:13.646Z daemon INFO time="2023-09-14T15:27:13+02:00" level=info msg="from discovery builtin:mdns-discovery received message type: hello, message: OK, protocol version: 1"
time="2023-09-14T15:27:13+02:00" level=info msg="sending command START_SYNC to discovery builtin:mdns-discovery"
2023-09-14 15:27:13 2023-09-14T13:27:13.646Z daemon INFO time="2023-09-14T15:27:13+02:00" level=info msg="from discovery builtin:mdns-discovery received message type: start_sync, message: OK"
2023-09-14 15:27:13 2023-09-14T13:27:13.646Z daemon INFO time="2023-09-14T15:27:13+02:00" level=info msg="Adding libraries dir" dir=/home/casper/.arduino15/packages/arduino/hardware/avr/1.8.6/libraries location=platform
2023-09-14 15:27:13 2023-09-14T13:27:13.647Z daemon INFO time="2023-09-14T15:27:13+02:00" level=info msg="Loading libraries index file" index=/home/casper/.arduino15/library_index.json
2023-09-14 15:27:13 2023-09-14T13:27:13.806Z daemon INFO time="2023-09-14T15:27:13+02:00" level=info msg="Adding libraries dir" dir=/home/casper/.arduino15/libraries location=ide
time="2023-09-14T15:27:13+02:00" level=info msg="Adding libraries dir" dir=/home/casper/Arduino/libraries location=user
2023-09-14 16:28:09 2023-09-14T14:28:09.505Z root INFO [f07f0b84-e2cd-4a08-997f-40cceb2871db] Waiting for backend deployment: 19.9 ms [Finished 86.309 s after frontend start]
2023-09-14 16:28:09 2023-09-14T14:28:09.505Z root INFO [f07f0b84-e2cd-4a08-997f-40cceb2871db] Sync of 0 plugins: 0.2 ms [Finished 86.309 s after frontend start]
2023-09-14 16:28:09 2023-09-14T14:28:09.506Z root INFO [f07f0b84-e2cd-4a08-997f-40cceb2871db] Loading plugin contributions
2023-09-14 16:28:09 2023-09-14T14:28:09.506Z root INFO [f07f0b84-e2cd-4a08-997f-40cceb2871db] Load contributions of 0 plugins: 0.2 ms [Finished 86.309 s after frontend start]
2023-09-14 16:28:09 2023-09-14T14:28:09.798Z root INFO [hosted-plugin: 5663] PLUGIN_HOST(5663) starting instance
2023-09-14 16:28:09 2023-09-14T14:28:09.900Z root ERROR [hosted-plugin: 5663] Conflict in settings file Default: Ignoring cortex-debug.armToolchainPath.linux as cortex-debug.armToolchainPath is null
Conflict in settings file Default: Ignoring cortex-debug.armToolchainPath.osx as cortex-debug.armToolchainPath is null
Conflict in settings file Default: Ignoring cortex-debug.armToolchainPath.windows as cortex-debug.armToolchainPath is null
2023-09-14 16:28:09 2023-09-14T14:28:09.900Z root ERROR [hosted-plugin: 5663] Conflict in settings file Default: Ignoring cortex-debug.JLinkGDBServerPath.linux as cortex-debug.JLinkGDBServerPath is null
Conflict in settings file Default: Ignoring cortex-debug.JLinkGDBServerPath.osx as cortex-debug.JLinkGDBServerPath is null
Conflict in settings file Default: Ignoring cortex-debug.JLinkGDBServerPath.windows as cortex-debug.JLinkGDBServerPath is null
Conflict in settings file Default: Ignoring cortex-debug.openocdPath.linux as cortex-debug.openocdPath is null
Conflict in settings file Default: Ignoring cortex-debug.openocdPath.osx as cortex-debug.openocdPath is null
Conflict in settings file Default: Ignoring cortex-debug.openocdPath.windows as cortex-debug.openocdPath is null
Conflict in settings file Default: Ignoring cortex-debug.pyocdPath.linux as cortex-debug.pyocdPath is null
Conflict in settings file Default: Ignoring cortex-debug.pyocdPath.osx as cortex-debug.pyocdPath is null
Conflict in settings file Default: Ignoring cortex-debug.pyocdPath.windows as cortex-debug.pyocdPath is null
Conflict in settings file Default: Ignoring cortex-debug.PEGDBServerPath.linux as cortex-debug.PEGDBServerPath is null
Conflict in settings file Default: Ignoring cortex-debug.PEGDBServerPath.osx as cortex-debug.PEGDBServerPath is null
Conflict in settings file Default: Ignoring cortex-debug.PEGDBServerPath.windows as cortex-debug.PEGDBServerPath is null
Conflict in settings file Default: Ignoring cortex-debug.stutilPath.linux as cortex-debug.stutilPath is null
Conflict in settings file Default: Ignoring cortex-debug.stutilPath.osx as cortex-debug.stutilPath is null
Conflict in settings file Default: Ignoring cortex-debug.stutilPath.windows as cortex-debug.stutilPath is null
2023-09-14 16:28:09 2023-09-14T14:28:09.901Z root ERROR [hosted-plugin: 5663] Conflict in settings file Default: Ignoring cortex-debug.stlinkPath.linux as cortex-debug.stlinkPath is null
Conflict in settings file Default: Ignoring cortex-debug.stlinkPath.osx as cortex-debug.stlinkPath is null
Conflict in settings file Default: Ignoring cortex-debug.stlinkPath.windows as cortex-debug.stlinkPath is null
Conflict in settings file Default: Ignoring cortex-debug.stm32cubeprogrammer.linux as cortex-debug.stm32cubeprogrammer is null
Conflict in settings file Default: Ignoring cortex-debug.stm32cubeprogrammer.osx as cortex-debug.stm32cubeprogrammer is null
Conflict in settings file Default: Ignoring cortex-debug.stm32cubeprogrammer.windows as cortex-debug.stm32cubeprogrammer is null
2023-09-14 16:28:09 2023-09-14T14:28:09.915Z root INFO [hosted-plugin: 5663] PLUGIN_HOST(5663): PluginManagerExtImpl/init()
2023-09-14 16:28:09 2023-09-14T14:28:09.919Z root INFO [hosted-plugin: 5663] PLUGIN_HOST(5663): initializing(vscode-arduino-api@0.1.2 with /home/casper/Apps/Arduino-ide/resources/app/lib/backend/plugin-vscode-init)
2023-09-14 16:28:09 2023-09-14T14:28:09.979Z root INFO [hosted-plugin: 5663] PLUGIN_HOST(5663): initializing(cortex-debug@1.5.1 with /home/casper/Apps/Arduino-ide/resources/app/lib/backend/plugin-vscode-init)
2023-09-14 16:28:09 2023-09-14T14:28:09.979Z root INFO [hosted-plugin: 5663] Debugger contribution has been registered: cortex-debug
2023-09-14 16:28:09 2023-09-14T14:28:09.979Z root INFO [hosted-plugin: 5663] PLUGIN_HOST(5663): initializing(vscode-arduino-tools@0.0.2-beta.8 with /home/casper/Apps/Arduino-ide/resources/app/lib/backend/plugin-vscode-init)
2023-09-14 16:28:09 2023-09-14T14:28:09.980Z root INFO [hosted-plugin: 5663] PLUGIN_HOST(5663): initializing(cpp@1.52.1 with /home/casper/Apps/Arduino-ide/resources/app/lib/backend/plugin-vscode-init)
2023-09-14 16:28:09 2023-09-14T14:28:09.981Z root INFO [hosted-plugin: 5663] PLUGIN_HOST(5663): initializing(json@1.46.1 with /home/casper/Apps/Arduino-ide/resources/app/lib/backend/plugin-vscode-init)
2023-09-14 16:28:09 2023-09-14T14:28:09.982Z root INFO [hosted-plugin: 5663] PLUGIN_HOST(5663): initializing(json-language-features@1.46.1 with /home/casper/Apps/Arduino-ide/resources/app/lib/backend/plugin-vscode-init)
2023-09-14 16:28:09 2023-09-14T14:28:09.983Z root INFO [hosted-plugin: 5663] PLUGIN_HOST(5663): initializing(vscode-language-pack-bg@1.48.3 with /home/casper/Apps/Arduino-ide/resources/app/lib/backend/plugin-vscode-init)
2023-09-14 16:28:09 2023-09-14T14:28:09.983Z root INFO [hosted-plugin: 5663] PLUGIN_HOST(5663): initializing(vscode-language-pack-cs@1.78.0 with /home/casper/Apps/Arduino-ide/resources/app/lib/backend/plugin-vscode-init)
2023-09-14 16:28:09 2023-09-14T14:28:09.984Z root INFO [hosted-plugin: 5663] PLUGIN_HOST(5663): initializing(vscode-language-pack-de@1.78.0 with /home/casper/Apps/Arduino-ide/resources/app/lib/backend/plugin-vscode-init)
2023-09-14 16:28:09 2023-09-14T14:28:09.985Z root INFO [hosted-plugin: 5663] PLUGIN_HOST(5663): initializing(vscode-language-pack-es@1.78.0 with /home/casper/Apps/Arduino-ide/resources/app/lib/backend/plugin-vscode-init)
2023-09-14 16:28:09 2023-09-14T14:28:09.985Z root INFO [hosted-plugin: 5663] PLUGIN_HOST(5663): initializing(vscode-language-pack-fr@1.78.0 with /home/casper/Apps/Arduino-ide/resources/app/lib/backend/plugin-vscode-init)
2023-09-14 16:28:09 2023-09-14T14:28:09.985Z root INFO [hosted-plugin: 5663] PLUGIN_HOST(5663): initializing(vscode-language-pack-hu@1.48.3 with /home/casper/Apps/Arduino-ide/resources/app/lib/backend/plugin-vscode-init)
2023-09-14 16:28:09 2023-09-14T14:28:09.986Z root INFO [hosted-plugin: 5663] PLUGIN_HOST(5663): initializing(vscode-language-pack-it@1.78.0 with /home/casper/Apps/Arduino-ide/resources/app/lib/backend/plugin-vscode-init)
2023-09-14 16:28:09 2023-09-14T14:28:09.986Z root INFO [hosted-plugin: 5663] PLUGIN_HOST(5663): initializing(vscode-language-pack-ja@1.78.0 with /home/casper/Apps/Arduino-ide/resources/app/lib/backend/plugin-vscode-init)
2023-09-14 16:28:09 2023-09-14T14:28:09.986Z root INFO [hosted-plugin: 5663] PLUGIN_HOST(5663): initializing(vscode-language-pack-ko@1.78.0 with /home/casper/Apps/Arduino-ide/resources/app/lib/backend/plugin-vscode-init)
2023-09-14 16:28:09 2023-09-14T14:28:09.986Z root INFO [hosted-plugin: 5663] PLUGIN_HOST(5663): initializing(vscode-language-pack-nl@1.48.3 with /home/casper/Apps/Arduino-ide/resources/app/lib/backend/plugin-vscode-init)
2023-09-14 16:28:09 2023-09-14T14:28:09.987Z root INFO [hosted-plugin: 5663] PLUGIN_HOST(5663): initializing(vscode-language-pack-pl@1.78.0 with /home/casper/Apps/Arduino-ide/resources/app/lib/backend/plugin-vscode-init)
2023-09-14 16:28:09 2023-09-14T14:28:09.987Z root INFO [hosted-plugin: 5663] PLUGIN_HOST(5663): initializing(vscode-language-pack-pt-BR@1.78.0 with /home/casper/Apps/Arduino-ide/resources/app/lib/backend/plugin-vscode-init)
2023-09-14 16:28:09 2023-09-14T14:28:09.987Z root INFO [hosted-plugin: 5663] PLUGIN_HOST(5663): initializing(vscode-language-pack-ru@1.78.0 with /home/casper/Apps/Arduino-ide/resources/app/lib/backend/plugin-vscode-init)
2023-09-14 16:28:09 2023-09-14T14:28:09.987Z root INFO [hosted-plugin: 5663] PLUGIN_HOST(5663): initializing(vscode-language-pack-tr@1.78.0 with /home/casper/Apps/Arduino-ide/resources/app/lib/backend/plugin-vscode-init)
2023-09-14 16:28:09 2023-09-14T14:28:09.988Z root INFO [hosted-plugin: 5663] PLUGIN_HOST(5663): initializing(vscode-language-pack-uk@1.48.3 with /home/casper/Apps/Arduino-ide/resources/app/lib/backend/plugin-vscode-init)
2023-09-14 16:28:09 2023-09-14T14:28:09.988Z root INFO [hosted-plugin: 5663] PLUGIN_HOST(5663): initializing(vscode-language-pack-zh-hans@1.78.0 with /home/casper/Apps/Arduino-ide/resources/app/lib/backend/plugin-vscode-init)
2023-09-14 16:28:09 2023-09-14T14:28:09.988Z root INFO [hosted-plugin: 5663] PLUGIN_HOST(5663): initializing(vscode-language-pack-zh-hant@1.78.0 with /home/casper/Apps/Arduino-ide/resources/app/lib/backend/plugin-vscode-init)
2023-09-14 16:28:09 2023-09-14T14:28:09.992Z root INFO [hosted-plugin: 5663] PLUGIN_HOST(5663): PluginManagerExtImpl/loadPlugin(/home/casper/Apps/Arduino-ide/resources/app/plugins/vscode-arduino-api/extension/dist/extension.js)
2023-09-14 16:28:09 2023-09-14T14:28:09.997Z root INFO [hosted-plugin: 5663] PLUGIN_HOST(5663): PluginManagerExtImpl/loadPlugin(/home/casper/Apps/Arduino-ide/resources/app/plugins/vscode-builtin-json-language-features/extension/client/dist/jsonMain)
2023-09-14 16:28:10 2023-09-14T14:28:10.039Z root INFO [hosted-plugin: 5663] PLUGIN_HOST(5663): PluginManagerExtImpl/loadPlugin(/home/casper/Apps/Arduino-ide/resources/app/plugins/vscode-arduino-tools/extension/dist/bundle)
2023-09-14 16:28:10 2023-09-14T14:28:10.072Z root INFO [hosted-plugin: 5663] PLUGIN_HOST(5663): PluginManagerExtImpl/loadPlugin(/home/casper/Apps/Arduino-ide/resources/app/plugins/cortex-debug/extension/dist/extension.js)
2023-09-14 16:28:10 2023-09-14T14:28:10.103Z root INFO [hosted-plugin: 5663] Debug configuration provider has been registered: cortex-debug, trigger: 1
2023-09-14 16:28:10 2023-09-14T14:28:10.105Z root INFO [hosted-plugin: 5663] GDB server console created
2023-09-14 16:28:10 2023-09-14T14:28:10.110Z root INFO [f07f0b84-e2cd-4a08-997f-40cceb2871db] Starting plugins.
2023-09-14 16:28:10 2023-09-14T14:28:10.110Z root INFO [f07f0b84-e2cd-4a08-997f-40cceb2871db] Start of 23 plugins: 635.7 ms [Finished 86.949 s after frontend start]
2023-09-14 16:28:10 2023-09-14T14:28:10.116Z daemon INFO time="2023-09-14T16:28:10+02:00" level=info msg="Required tool" tool="arduino:arduinoOTA@1.3.0"
2023-09-14 16:28:10 2023-09-14T14:28:10.116Z daemon INFO time="2023-09-14T16:28:10+02:00" level=info msg="Required tool" tool="arduino:avr-gcc@7.3.0-atmel3.6.1-arduino7"
time="2023-09-14T16:28:10+02:00" level=info msg="Required tool" tool="arduino:avrdude@6.3.0-arduino17"
2023-09-14 16:28:10 2023-09-14T14:28:10.125Z root ERROR [hosted-plugin: 5663] ApplicationInsights:CorrelationIdManager [
  Error: getaddrinfo EAI_AGAIN dc.services.visualstudio.com
      at GetAddrInfoReqWrap.onlookup [as oncomplete] (node:dns:107:26) {
    errno: -3001,
    code: 'EAI_AGAIN',
    syscall: 'getaddrinfo',
    hostname: 'dc.services.visualstudio.com'
  }
]
2023-09-14 16:28:10 2023-09-14T14:28:10.126Z daemon INFO time="2023-09-14T16:28:10+02:00" level=info msg="Required tool" tool="arduino:arduinoOTA@1.3.0"
time="2023-09-14T16:28:10+02:00" level=info msg="Required tool" tool="arduino:avr-gcc@7.3.0-atmel3.6.1-arduino7"
time="2023-09-14T16:28:10+02:00" level=info msg="Required tool" tool="arduino:avrdude@6.3.0-arduino17"
2023-09-14 16:28:10 2023-09-14T14:28:10.128Z root INFO Starting language server: arduino:avr:mega:cpu=atmega2560
2023-09-14 16:28:10 2023-09-14T14:28:10.158Z daemon INFO time="2023-09-14T16:28:10+02:00" level=info msg="Required tool" tool="arduino:arduinoOTA@1.3.0"
time="2023-09-14T16:28:10+02:00" level=info msg="Required tool" tool="arduino:avr-gcc@7.3.0-atmel3.6.1-arduino7"
time="2023-09-14T16:28:10+02:00" level=info msg="Required tool" tool="arduino:avrdude@6.3.0-arduino17"
2023-09-14 16:28:10 2023-09-14T14:28:10.158Z daemon INFO time="2023-09-14T16:28:10+02:00" level=info msg="Required tool" tool="arduino:arduinoOTA@1.3.0"
time="2023-09-14T16:28:10+02:00" level=info msg="Required tool" tool="arduino:avr-gcc@7.3.0-atmel3.6.1-arduino7"
time="2023-09-14T16:28:10+02:00" level=info msg="Required tool" tool="arduino:avrdude@6.3.0-arduino17"
2023-09-14 16:28:10 2023-09-14T14:28:10.159Z daemon INFO time="2023-09-14T16:28:10+02:00" level=info msg="Required tool" tool="arduino:arduinoOTA@1.3.0"
time="2023-09-14T16:28:10+02:00" level=info msg="Required tool" tool="arduino:avr-gcc@7.3.0-atmel3.6.1-arduino7"
2023-09-14 16:28:10 2023-09-14T14:28:10.159Z daemon INFO time="2023-09-14T16:28:10+02:00" level=info msg="Required tool" tool="arduino:avrdude@6.3.0-arduino17"
2023-09-14 16:28:10 2023-09-14T14:28:10.159Z daemon INFO time="2023-09-14T16:28:10+02:00" level=info msg="Adding libraries dir" dir=/home/casper/.arduino15/libraries location=ide
time="2023-09-14T16:28:10+02:00" level=info msg="Adding libraries dir" dir=/home/casper/.arduino15/packages/arduino/hardware/avr/1.8.6/libraries location=platform
time="2023-09-14T16:28:10+02:00" level=info msg="Adding libraries dir" dir=/home/casper/Arduino/libraries location=user
2023-09-14 16:28:10 2023-09-14T14:28:10.179Z daemon INFO time="2023-09-14T16:28:10+02:00" level=info msg="Resolving include Wire.h for arch avr"
time="2023-09-14T16:28:10+02:00" level=info msg="  found better lib" lib=Wire prio=6B0
2023-09-14 16:28:10 2023-09-14T14:28:10.470Z daemon INFO time="2023-09-14T16:28:10+02:00" level=info msg="Required tool" tool="arduino:arduinoOTA@1.3.0"
time="2023-09-14T16:28:10+02:00" level=info msg="Required tool" tool="arduino:avr-gcc@7.3.0-atmel3.6.1-arduino7"
time="2023-09-14T16:28:10+02:00" level=info msg="Required tool" tool="arduino:avrdude@6.3.0-arduino17"
2023-09-14 16:28:10 2023-09-14T14:28:10.471Z daemon INFO time="2023-09-14T16:28:10+02:00" level=info msg="Required tool" tool="arduino:arduinoOTA@1.3.0"
2023-09-14 16:28:10 2023-09-14T14:28:10.471Z daemon INFO time="2023-09-14T16:28:10+02:00" level=info msg="Required tool" tool="arduino:avr-gcc@7.3.0-atmel3.6.1-arduino7"
time="2023-09-14T16:28:10+02:00" level=info msg="Required tool" tool="arduino:avrdude@6.3.0-arduino17"
2023-09-14 16:28:10 2023-09-14T14:28:10.476Z daemon INFO time="2023-09-14T16:28:10+02:00" level=info msg="Required tool" tool="arduino:arduinoOTA@1.3.0"
time="2023-09-14T16:28:10+02:00" level=info msg="Required tool" tool="arduino:avr-gcc@7.3.0-atmel3.6.1-arduino7"
time="2023-09-14T16:28:10+02:00" level=info msg="Required tool" tool="arduino:avrdude@6.3.0-arduino17"
2023-09-14 16:28:11 2023-09-14T14:28:11.132Z root ERROR [hosted-plugin: 5663] Promise rejection not handled in one second: Error: View resolver already registered for cortex-debug.rtos , reason: Error: View resolver already registered for cortex-debug.rtos
With stack trace: Error: View resolver already registered for cortex-debug.rtos
    at n.registerWebviewView (file:///home/casper/Apps/Arduino-ide/resources/app/lib/frontend/bundle.js:2:7918151)
    at d.$registerWebviewViewProvider (file:///home/casper/Apps/Arduino-ide/resources/app/lib/frontend/bundle.js:2:7957688)
    at file:///home/casper/Apps/Arduino-ide/resources/app/lib/frontend/bundle.js:2:7621065
    at async c.handleRequest (file:///home/casper/Apps/Arduino-ide/resources/app/lib/frontend/bundle.js:2:3015149)
